<?xml version="1.0" encoding="UTF-8"?>
<!-- Generated by org.testng.reporters.JUnitReportReporter -->
<testsuite hostname="ImransDell" failures="0" tests="3" name="com.vedagram.test.UserTest" time="3.227" errors="0" timestamp="2023-08-02T16:21:53 IST" skipped="0">
  <testcase classname="com.vedagram.test.UserTest" name="browserLaunch" time="3.191"/>
  <system-out/>
  <testcase classname="com.vedagram.test.UserTest" name="userLogin" time="0.005"/>
  <system-out/>
  <testcase classname="com.vedagram.test.UserTest" name="testPoojaOfferings" time="0.031"/>
  <system-out/>
</testsuite> <!-- com.vedagram.test.UserTest -->
