<?xml version="1.0" encoding="UTF-8"?>
<!-- Generated by org.testng.reporters.JUnitReportReporter -->
<testsuite hostname="ImransDell" failures="0" tests="2" name="com.vedagram.test.TempleAdminTest" time="16.352" errors="0" timestamp="2023-07-27T18:14:54 IST" skipped="0">
  <testcase classname="com.vedagram.test.TempleAdminTest" name="testLoginTempleAdmin" time="2.887"/>
  <system-out/>
  <testcase classname="com.vedagram.test.TempleAdminTest" name="testOrderManagement" time="13.465"/>
  <system-out/>
</testsuite> <!-- com.vedagram.test.TempleAdminTest -->
